<?xml version="1.0" encoding="UTF-8"?>
<!-- Generated by org.testng.reporters.JUnitReportReporter -->
<testsuite skipped="0" hostname="C100-17" name="com.guru99bank.testCases.TC_LoginDDT_02" tests="6" failures="0" timestamp="15 Oct 2018 09:45:09 GMT" time="8.774" errors="0">
  <testcase name="login_datadriven" time="2.215" classname="com.guru99bank.testCases.TC_LoginDDT_02"/>
  <testcase name="login_datadriven" time="1.085" classname="com.guru99bank.testCases.TC_LoginDDT_02"/>
  <testcase name="login_datadriven" time="1.081" classname="com.guru99bank.testCases.TC_LoginDDT_02"/>
  <testcase name="login_datadriven" time="1.465" classname="com.guru99bank.testCases.TC_LoginDDT_02"/>
  <testcase name="login_datadriven" time="1.461" classname="com.guru99bank.testCases.TC_LoginDDT_02"/>
  <testcase name="login_datadriven" time="1.467" classname="com.guru99bank.testCases.TC_LoginDDT_02"/>
</testsuite> <!-- com.guru99bank.testCases.TC_LoginDDT_02 -->
