<?xml version="1.0" encoding="UTF-8"?>
<!-- Generated by org.testng.reporters.JUnitReportReporter -->
<testsuite skipped="0" hostname="C100-17" name="com.guru99bank.testCases.L" tests="8" failures="0" timestamp="18 Oct 2018 10:55:00 GMT" time="8.996" errors="0">
  <testcase name="login_datadriven" time="1.100" classname="com.guru99bank.testCases.L"/>
  <testcase name="login_datadriven" time="1.076" classname="com.guru99bank.testCases.L"/>
  <testcase name="login_datadriven" time="1.207" classname="com.guru99bank.testCases.L"/>
  <testcase name="login_datadriven" time="1.510" classname="com.guru99bank.testCases.L"/>
  <testcase name="login_datadriven" time="1.059" classname="com.guru99bank.testCases.L"/>
  <testcase name="login_datadriven" time="1.004" classname="com.guru99bank.testCases.L"/>
  <testcase name="login_datadriven" time="1.016" classname="com.guru99bank.testCases.L"/>
  <testcase name="login_datadriven" time="1.024" classname="com.guru99bank.testCases.L"/>
</testsuite> <!-- com.guru99bank.testCases.L -->
