<?xml version="1.0" encoding="UTF-8"?>
<!-- Generated by org.testng.reporters.JUnitReportReporter -->
<testsuite skipped="0" hostname="C100-17" name="com.guru99bank.testCases.BalancEInquiry" tests="9" failures="0" timestamp="11 Oct 2018 06:28:52 GMT" time="33.006" errors="0">
  <testcase name="login" time="3.509" classname="com.guru99bank.testCases.BalancEInquiry"/>
  <testcase name="verifyBalance" time="4.952" classname="com.guru99bank.testCases.BalancEInquiry"/>
  <testcase name="verifyBalance" time="2.988" classname="com.guru99bank.testCases.BalancEInquiry"/>
  <testcase name="verifyBalance" time="3.776" classname="com.guru99bank.testCases.BalancEInquiry"/>
  <testcase name="verifyBalance" time="2.966" classname="com.guru99bank.testCases.BalancEInquiry"/>
  <testcase name="verifyBalance" time="5.267" classname="com.guru99bank.testCases.BalancEInquiry"/>
  <testcase name="verifyBalance" time="3.777" classname="com.guru99bank.testCases.BalancEInquiry"/>
  <testcase name="verifyBalance" time="2.076" classname="com.guru99bank.testCases.BalancEInquiry"/>
  <testcase name="verifyBalance" time="3.695" classname="com.guru99bank.testCases.BalancEInquiry"/>
</testsuite> <!-- com.guru99bank.testCases.BalancEInquiry -->
