<?xml version="1.0" encoding="UTF-8"?>
<!-- Generated by org.testng.reporters.JUnitReportReporter -->
<testsuite skipped="0" hostname="C100-17" name="com.guru99bank.testCases.FrameWork" tests="1" failures="0" timestamp="11 Oct 2018 10:10:20 GMT" time="12.079" errors="0">
  <testcase name="testFramework" time="12.079" classname="com.guru99bank.testCases.FrameWork"/>
</testsuite> <!-- com.guru99bank.testCases.FrameWork -->
