<?xml version="1.0" encoding="UTF-8"?>
<!-- Generated by org.testng.reporters.JUnitReportReporter -->
<testsuite skipped="0" hostname="C100-17" name="com.guru99bank.testCases.NewAccount" tests="5" failures="0" timestamp="11 Oct 2018 06:28:52 GMT" time="17.989" errors="0">
  <testcase name="logintoaccount" time="0.987" classname="com.guru99bank.testCases.NewAccount"/>
  <testcase name="invalid_new_account" time="1.304" classname="com.guru99bank.testCases.NewAccount"/>
  <testcase name="invalid_new_account_invalidcustomerid" time="6.952" classname="com.guru99bank.testCases.NewAccount"/>
  <testcase name="invalid_new_account_intialdeposite" time="2.508" classname="com.guru99bank.testCases.NewAccount"/>
  <testcase name="verify_newAccount" time="6.238" classname="com.guru99bank.testCases.NewAccount"/>
</testsuite> <!-- com.guru99bank.testCases.NewAccount -->
