<?xml version="1.0" encoding="UTF-8"?>
<!-- Generated by org.testng.reporters.JUnitReportReporter -->
<testsuite skipped="0" hostname="C100-17" name="com.guru99bank.testCases.AddNewCustomer" tests="1" failures="0" timestamp="11 Oct 2018 06:28:52 GMT" time="9.952" errors="0">
  <testcase name="create_new_Customer" time="9.952" classname="com.guru99bank.testCases.AddNewCustomer"/>
</testsuite> <!-- com.guru99bank.testCases.AddNewCustomer -->
