<?xml version="1.0" encoding="UTF-8"?>
<!-- Generated by org.testng.reporters.JUnitReportReporter -->
<testsuite skipped="0" hostname="C100-17" name="com.guru99bank.testCases.LoginInvalidTest" tests="2" failures="0" timestamp="10 Oct 2018 09:51:51 GMT" time="4.185" errors="0">
  <testcase name="verify_Invalid_Login" time="0.695" classname="com.guru99bank.testCases.LoginInvalidTest"/>
  <testcase name="enterUsername" time="3.490" classname="com.guru99bank.testCases.LoginInvalidTest"/>
</testsuite> <!-- com.guru99bank.testCases.LoginInvalidTest -->
