<?xml version="1.0" encoding="UTF-8"?>
<!-- Generated by org.testng.reporters.JUnitReportReporter -->
<testsuite skipped="0" hostname="C100-17" name="com.guru99bank.testCases.LoginTest" tests="1" failures="0" timestamp="10 Oct 2018 09:51:51 GMT" time="2.003" errors="0">
  <testcase name="validlogin" time="2.003" classname="com.guru99bank.testCases.LoginTest"/>
</testsuite> <!-- com.guru99bank.testCases.LoginTest -->
