<?xml version="1.0" encoding="UTF-8"?>
<!-- Generated by org.testng.reporters.JUnitReportReporter -->
<testsuite skipped="0" hostname="C100-17" name="com.guru99bank.testCases.EditCustomer" tests="7" failures="0" timestamp="11 Oct 2018 06:28:52 GMT" time="22.649" errors="0">
  <testcase name="blankCustoerid" time="2.891" classname="com.guru99bank.testCases.EditCustomer"/>
  <testcase name="edit" time="3.274" classname="com.guru99bank.testCases.EditCustomer"/>
  <testcase name="edit" time="4.142" classname="com.guru99bank.testCases.EditCustomer"/>
  <testcase name="edit" time="2.540" classname="com.guru99bank.testCases.EditCustomer"/>
  <testcase name="edit" time="3.713" classname="com.guru99bank.testCases.EditCustomer"/>
  <testcase name="edit" time="3.008" classname="com.guru99bank.testCases.EditCustomer"/>
  <testcase name="edit" time="3.081" classname="com.guru99bank.testCases.EditCustomer"/>
</testsuite> <!-- com.guru99bank.testCases.EditCustomer -->
