<?xml version="1.0" encoding="UTF-8"?>
<!-- Generated by org.testng.reporters.JUnitReportReporter -->
<testsuite skipped="0" hostname="C100-17" name="com.guru99bank.testCases.LoginInvalidTest" tests="2" failures="0" timestamp="11 Oct 2018 06:28:52 GMT" time="3.598" errors="0">
  <testcase name="verify_Invalid_Login" time="0.777" classname="com.guru99bank.testCases.LoginInvalidTest"/>
  <testcase name="enterUsername" time="2.821" classname="com.guru99bank.testCases.LoginInvalidTest"/>
</testsuite> <!-- com.guru99bank.testCases.LoginInvalidTest -->
