<?xml version="1.0" encoding="UTF-8"?>
<!-- Generated by org.testng.reporters.JUnitReportReporter -->
<testsuite skipped="0" hostname="C100-17" name="com.guru99bank.testCases.LoginDataDrivenTest" tests="4" failures="0" timestamp="11 Oct 2018 06:28:52 GMT" time="21.016" errors="0">
  <testcase name="verifyLoginDDT" time="4.489" classname="com.guru99bank.testCases.LoginDataDrivenTest"/>
  <testcase name="verifyLoginDDT" time="6.736" classname="com.guru99bank.testCases.LoginDataDrivenTest"/>
  <testcase name="verifyLoginDDT" time="5.528" classname="com.guru99bank.testCases.LoginDataDrivenTest"/>
  <testcase name="verifyLoginDDT" time="4.263" classname="com.guru99bank.testCases.LoginDataDrivenTest"/>
</testsuite> <!-- com.guru99bank.testCases.LoginDataDrivenTest -->
