<?xml version="1.0" encoding="UTF-8"?>
<!-- Generated by org.testng.reporters.JUnitReportReporter -->
<testsuite skipped="0" hostname="C100-17" name="com.guru99bank.testCases.BalancEInquiry" tests="9" failures="0" timestamp="11 Oct 2018 05:13:47 GMT" time="31.702" errors="0">
  <testcase name="login" time="3.345" classname="com.guru99bank.testCases.BalancEInquiry"/>
  <testcase name="verifyBalance" time="2.823" classname="com.guru99bank.testCases.BalancEInquiry"/>
  <testcase name="verifyBalance" time="2.814" classname="com.guru99bank.testCases.BalancEInquiry"/>
  <testcase name="verifyBalance" time="1.311" classname="com.guru99bank.testCases.BalancEInquiry"/>
  <testcase name="verifyBalance" time="2.825" classname="com.guru99bank.testCases.BalancEInquiry"/>
  <testcase name="verifyBalance" time="2.807" classname="com.guru99bank.testCases.BalancEInquiry"/>
  <testcase name="verifyBalance" time="5.279" classname="com.guru99bank.testCases.BalancEInquiry"/>
  <testcase name="verifyBalance" time="2.875" classname="com.guru99bank.testCases.BalancEInquiry"/>
  <testcase name="verifyBalance" time="7.623" classname="com.guru99bank.testCases.BalancEInquiry"/>
</testsuite> <!-- com.guru99bank.testCases.BalancEInquiry -->
