<?xml version="1.0" encoding="UTF-8"?>
<!-- Generated by org.testng.reporters.JUnitReportReporter -->
<testsuite skipped="0" hostname="C100-17" name="com.guru99bank.testCases.LoginTest" tests="1" failures="0" timestamp="11 Oct 2018 06:28:52 GMT" time="1.390" errors="0">
  <testcase name="validlogin" time="1.390" classname="com.guru99bank.testCases.LoginTest"/>
</testsuite> <!-- com.guru99bank.testCases.LoginTest -->
