<?xml version="1.0" encoding="UTF-8"?>
<!-- Generated by org.testng.reporters.JUnitReportReporter -->
<testsuite skipped="0" hostname="C100-17" name="com.practice.testcases.LoginDataDrivenTest" tests="12" failures="0" timestamp="24 Oct 2018 11:20:10 GMT" time="30.759" errors="0">
  <testcase name="login" time="0.153" classname="com.practice.testcases.LoginDataDrivenTest"/>
  <testcase name="login" time="0.197" classname="com.practice.testcases.LoginDataDrivenTest"/>
  <testcase name="logindata_driver" time="2.303" classname="com.practice.testcases.LoginDataDrivenTest"/>
  <testcase name="logindata_driver" time="2.346" classname="com.practice.testcases.LoginDataDrivenTest"/>
  <testcase name="logindata_driver" time="5.311" classname="com.practice.testcases.LoginDataDrivenTest"/>
  <testcase name="logindata_driver" time="2.634" classname="com.practice.testcases.LoginDataDrivenTest"/>
  <testcase name="logindata_driver" time="2.372" classname="com.practice.testcases.LoginDataDrivenTest"/>
  <testcase name="logindata_driver" time="2.337" classname="com.practice.testcases.LoginDataDrivenTest"/>
  <testcase name="logindata_driver" time="2.282" classname="com.practice.testcases.LoginDataDrivenTest"/>
  <testcase name="logindata_driver" time="6.085" classname="com.practice.testcases.LoginDataDrivenTest"/>
  <testcase name="logindata_driver" time="2.374" classname="com.practice.testcases.LoginDataDrivenTest"/>
  <testcase name="logindata_driver" time="2.365" classname="com.practice.testcases.LoginDataDrivenTest"/>
</testsuite> <!-- com.practice.testcases.LoginDataDrivenTest -->
