<?xml version="1.0" encoding="UTF-8"?>
<!-- Generated by org.testng.reporters.JUnitReportReporter -->
<testsuite skipped="0" hostname="C100-17" name="com.practice.utility.WriteExcel" tests="1" failures="0" timestamp="19 Oct 2018 05:21:36 GMT" time="0.217" errors="0">
  <testcase name="writeexcel" time="0.217" classname="com.practice.utility.WriteExcel"/>
</testsuite> <!-- com.practice.utility.WriteExcel -->
