<?xml version="1.0" encoding="UTF-8"?>
<!-- Generated by org.testng.reporters.JUnitReportReporter -->
<testsuite skipped="0" hostname="C100-17" name="com.practice.testcases.LoginTest" tests="2" failures="0" timestamp="24 Oct 2018 11:20:10 GMT" time="3.125" errors="0">
  <testcase name="verifu_Login" time="1.372" classname="com.practice.testcases.LoginTest"/>
  <testcase name="verifu_Login" time="1.753" classname="com.practice.testcases.LoginTest"/>
</testsuite> <!-- com.practice.testcases.LoginTest -->
