<?xml version="1.0" encoding="UTF-8"?>
<!-- Generated by org.testng.reporters.JUnitReportReporter -->
<testsuite skipped="0" hostname="C100-17" name="com.practice.testcases.InvalidLoginTest" tests="6" failures="0" timestamp="24 Oct 2018 11:20:10 GMT" time="14.033" errors="0">
  <testcase name="balnk_fields" time="2.326" classname="com.practice.testcases.InvalidLoginTest"/>
  <testcase name="balnk_fields" time="2.343" classname="com.practice.testcases.InvalidLoginTest"/>
  <testcase name="balnk_password_fields" time="2.204" classname="com.practice.testcases.InvalidLoginTest"/>
  <testcase name="balnk_password_fields" time="2.528" classname="com.practice.testcases.InvalidLoginTest"/>
  <testcase name="balnk_Email_fields" time="2.314" classname="com.practice.testcases.InvalidLoginTest"/>
  <testcase name="balnk_Email_fields" time="2.318" classname="com.practice.testcases.InvalidLoginTest"/>
</testsuite> <!-- com.practice.testcases.InvalidLoginTest -->
