<?xml version="1.0" encoding="UTF-8"?>
<!-- Generated by org.testng.reporters.JUnitReportReporter -->
<testsuite skipped="0" hostname="C100-17" name="com.practice.testcases.SignUpTest" tests="10" failures="0" timestamp="24 Oct 2018 11:20:10 GMT" time="64.099" errors="0">
  <testcase name="without_entering_click_createAccount" time="3.719" classname="com.practice.testcases.SignUpTest"/>
  <testcase name="without_entering_click_createAccount" time="4.048" classname="com.practice.testcases.SignUpTest"/>
  <testcase name="remove_firstname" time="7.029" classname="com.practice.testcases.SignUpTest"/>
  <testcase name="remove_firstname" time="7.232" classname="com.practice.testcases.SignUpTest"/>
  <testcase name="remove_lasttname" time="7.180" classname="com.practice.testcases.SignUpTest"/>
  <testcase name="remove_lasttname" time="6.968" classname="com.practice.testcases.SignUpTest"/>
  <testcase name="remove_email" time="7.106" classname="com.practice.testcases.SignUpTest"/>
  <testcase name="remove_email" time="6.966" classname="com.practice.testcases.SignUpTest"/>
  <testcase name="remove_password" time="6.791" classname="com.practice.testcases.SignUpTest"/>
  <testcase name="remove_password" time="7.060" classname="com.practice.testcases.SignUpTest"/>
</testsuite> <!-- com.practice.testcases.SignUpTest -->
