<?xml version="1.0" encoding="UTF-8"?>
<!-- Generated by org.testng.reporters.JUnitReportReporter -->
<testsuite skipped="0" hostname="C100-17" name="com.practice.testcases.ViewProfileTest" tests="14" failures="0" timestamp="24 Oct 2018 11:20:10 GMT" time="51.111" errors="0">
  <testcase name="login" time="0.662" classname="com.practice.testcases.ViewProfileTest"/>
  <testcase name="login" time="0.479" classname="com.practice.testcases.ViewProfileTest"/>
  <testcase name="edit_profile_remove_firstname" time="10.955" classname="com.practice.testcases.ViewProfileTest"/>
  <testcase name="edit_profile_remove_firstname" time="11.750" classname="com.practice.testcases.ViewProfileTest"/>
  <testcase name="remove_lastName" time="2.728" classname="com.practice.testcases.ViewProfileTest"/>
  <testcase name="remove_lastName" time="2.797" classname="com.practice.testcases.ViewProfileTest"/>
  <testcase name="remove_mobile" time="2.911" classname="com.practice.testcases.ViewProfileTest"/>
  <testcase name="remove_mobile" time="2.763" classname="com.practice.testcases.ViewProfileTest"/>
  <testcase name="remove_firstname_withoutfilling_cutrrent_password" time="2.651" classname="com.practice.testcases.ViewProfileTest"/>
  <testcase name="remove_firstname_withoutfilling_cutrrent_password" time="2.678" classname="com.practice.testcases.ViewProfileTest"/>
  <testcase name="remove_lasname_withoutfilling_cutrrent_password" time="2.621" classname="com.practice.testcases.ViewProfileTest"/>
  <testcase name="remove_lasname_withoutfilling_cutrrent_password" time="2.656" classname="com.practice.testcases.ViewProfileTest"/>
  <testcase name="remove_mobile_withoutfilling_cutrrent_password" time="2.757" classname="com.practice.testcases.ViewProfileTest"/>
  <testcase name="remove_mobile_withoutfilling_cutrrent_password" time="2.703" classname="com.practice.testcases.ViewProfileTest"/>
</testsuite> <!-- com.practice.testcases.ViewProfileTest -->
